2023-12-12 20:10:00 [INFO] rttr => 2        @at[/Users/liuchengyuan/Documents/clangspace/cppbabel/__test__/babel-types/rttr.cpp:55] 
2023-12-12 20:12:01 [INFO] 【enum】        @at[/Users/liuchengyuan/Documents/clangspace/cppbabel/__test__/base/enum.cpp:38] 
2023-12-12 20:12:01 [INFO] toString(RED)RED        @at[/Users/liuchengyuan/Documents/clangspace/cppbabel/__test__/base/enum.cpp:40] 
2023-12-12 20:12:01 [INFO] toString(Color::GREEN)UNKNOW        @at[/Users/liuchengyuan/Documents/clangspace/cppbabel/__test__/base/enum.cpp:41] 
2023-12-12 20:12:01 [INFO] 【可变参数】         @at[/Users/liuchengyuan/Documents/clangspace/cppbabel/__test__/base/func.cpp:55] 
2023-12-12 20:12:01 [INFO]  sum(3, 1, 2, 3) => 6        @at[/Users/liuchengyuan/Documents/clangspace/cppbabel/__test__/base/func.cpp:57] 
2023-12-12 20:12:01 [INFO]  sum2({1, 2, 3}) => 6        @at[/Users/liuchengyuan/Documents/clangspace/cppbabel/__test__/base/func.cpp:58] 
2023-12-12 20:12:01 [INFO] 【对象作为参数】         @at[/Users/liuchengyuan/Documents/clangspace/cppbabel/__test__/base/func.cpp:72] 
2023-12-12 20:12:01 [INFO]  传参数之前的地址：  0x16fdfeb80        @at[/Users/liuchengyuan/Documents/clangspace/cppbabel/__test__/base/func.cpp:74] 
2023-12-12 20:12:01 [INFO]  age ==>  12        @at[/Users/liuchengyuan/Documents/clangspace/cppbabel/__test__/base/func.cpp:75] 
2023-12-12 20:12:01 [INFO]  传参数之后的地址：  0x16fdfeb10        @at[/Users/liuchengyuan/Documents/clangspace/cppbabel/__test__/base/func.cpp:64] 
2023-12-12 20:12:01 [INFO]  age ==>  12        @at[/Users/liuchengyuan/Documents/clangspace/cppbabel/__test__/base/func.cpp:77] 
2023-12-12 20:12:01 [INFO] 【对象作返回值】         @at[/Users/liuchengyuan/Documents/clangspace/cppbabel/__test__/base/func.cpp:91] 
2023-12-12 20:12:01 [INFO]  传参数之前的地址 ==>  0x16fdfeb80        @at[/Users/liuchengyuan/Documents/clangspace/cppbabel/__test__/base/func.cpp:93] 
2023-12-12 20:12:01 [INFO]  参数的地址 ==>  0x16fdfeb08        @at[/Users/liuchengyuan/Documents/clangspace/cppbabel/__test__/base/func.cpp:82] 
2023-12-12 20:12:01 [INFO]  返回值的地址 ==>  0x16fdfeb28        @at[/Users/liuchengyuan/Documents/clangspace/cppbabel/__test__/base/func.cpp:95] 
2023-12-12 20:12:01 [INFO] 【指针传参】         @at[/Users/liuchengyuan/Documents/clangspace/cppbabel/__test__/base/func.cpp:108] 
2023-12-12 20:12:01 [INFO]  传参数之前的地址 ==>  0x16fdfeb80        @at[/Users/liuchengyuan/Documents/clangspace/cppbabel/__test__/base/func.cpp:110] 
2023-12-12 20:12:01 [INFO]  s1.age 12        @at[/Users/liuchengyuan/Documents/clangspace/cppbabel/__test__/base/func.cpp:111] 
2023-12-12 20:12:01 [INFO]  传参数之后的地址：  0x16fdfeb80        @at[/Users/liuchengyuan/Documents/clangspace/cppbabel/__test__/base/func.cpp:103] 
2023-12-12 20:12:01 [INFO]  s1.age 13        @at[/Users/liuchengyuan/Documents/clangspace/cppbabel/__test__/base/func.cpp:113] 
2023-12-12 20:12:01 [INFO] 【参数是指针，返回指针】         @at[/Users/liuchengyuan/Documents/clangspace/cppbabel/__test__/base/func.cpp:129] 
2023-12-12 20:12:01 [INFO]  传参数之前的地址 ==>  0x16fdfeb80        @at[/Users/liuchengyuan/Documents/clangspace/cppbabel/__test__/base/func.cpp:132] 
2023-12-12 20:12:01 [INFO]  s1.age 12        @at[/Users/liuchengyuan/Documents/clangspace/cppbabel/__test__/base/func.cpp:133] 
2023-12-12 20:12:01 [INFO]  传参数之后的地址：  0x16fdfeb80        @at[/Users/liuchengyuan/Documents/clangspace/cppbabel/__test__/base/func.cpp:119] 
2023-12-12 20:12:01 [INFO]  s2->age 13        @at[/Users/liuchengyuan/Documents/clangspace/cppbabel/__test__/base/func.cpp:135] 
2023-12-12 20:12:01 [INFO]  返回的指针 0x16fdfeb80        @at[/Users/liuchengyuan/Documents/clangspace/cppbabel/__test__/base/func.cpp:136] 
2023-12-12 20:12:01 [INFO] 【参数是引用】         @at[/Users/liuchengyuan/Documents/clangspace/cppbabel/__test__/base/func.cpp:157] 
2023-12-12 20:12:01 [INFO]  传参数之前的地址 ==>  0x16fdfeb80        @at[/Users/liuchengyuan/Documents/clangspace/cppbabel/__test__/base/func.cpp:160] 
2023-12-12 20:12:01 [INFO]  s1.age 12        @at[/Users/liuchengyuan/Documents/clangspace/cppbabel/__test__/base/func.cpp:161] 
2023-12-12 20:12:01 [INFO]  传参数之后的地址：  0x16fdfeb80        @at[/Users/liuchengyuan/Documents/clangspace/cppbabel/__test__/base/func.cpp:152] 
2023-12-12 20:12:01 [INFO]  s1.age 13        @at[/Users/liuchengyuan/Documents/clangspace/cppbabel/__test__/base/func.cpp:163] 
2023-12-12 20:12:01 [INFO] 【返回是引用】         @at[/Users/liuchengyuan/Documents/clangspace/cppbabel/__test__/base/func.cpp:185] 
2023-12-12 20:12:01 [INFO]  传参数之前的地址 ==>  0x16fdfeb80        @at[/Users/liuchengyuan/Documents/clangspace/cppbabel/__test__/base/func.cpp:188] 
2023-12-12 20:12:01 [INFO]  s1.age 12        @at[/Users/liuchengyuan/Documents/clangspace/cppbabel/__test__/base/func.cpp:189] 
2023-12-12 20:12:01 [INFO]  传参数之后的地址：  0x16fdfeb80        @at[/Users/liuchengyuan/Documents/clangspace/cppbabel/__test__/base/func.cpp:178] 
2023-12-12 20:12:01 [INFO]  返回的地址 0x16fdfeb80        @at[/Users/liuchengyuan/Documents/clangspace/cppbabel/__test__/base/func.cpp:191] 
2023-12-12 20:12:01 [INFO] 【lambda】         @at[/Users/liuchengyuan/Documents/clangspace/cppbabel/__test__/base/func.cpp:196] 
2023-12-12 20:12:01 [INFO]  add(2) ==>3        @at[/Users/liuchengyuan/Documents/clangspace/cppbabel/__test__/base/func.cpp:204] 
2023-12-12 20:12:01 [INFO] 【base_optional】        @at[/Users/liuchengyuan/Documents/clangspace/cppbabel/__test__/base/optional.cpp:32] 
2023-12-12 20:12:01 [INFO] perhapsDouble.value() ==> 3.14        @at[/Users/liuchengyuan/Documents/clangspace/cppbabel/__test__/base/optional.cpp:40] 
2023-12-12 20:12:01 [INFO] *perhapsDouble ==> 3.14        @at[/Users/liuchengyuan/Documents/clangspace/cppbabel/__test__/base/optional.cpp:42] 
2023-12-12 20:12:01 [INFO] maybeInt.value_or(10) ==> 10        @at[/Users/liuchengyuan/Documents/clangspace/cppbabel/__test__/base/optional.cpp:46] 
2023-12-12 20:12:01 [INFO] maybeInt.value_or(10) ==> 5        @at[/Users/liuchengyuan/Documents/clangspace/cppbabel/__test__/base/optional.cpp:50] 
2023-12-12 20:12:01 [INFO] maybeRes == std::nullopt ==> 1        @at[/Users/liuchengyuan/Documents/clangspace/cppbabel/__test__/base/optional.cpp:57] 
2023-12-12 20:12:01 [INFO] has value, which is 128        @at[/Users/liuchengyuan/Documents/clangspace/cppbabel/__test__/base/optional.cpp:73] 
2023-12-12 20:12:01 [INFO] 使用 std::make_optional ==> 128        @at[/Users/liuchengyuan/Documents/clangspace/cppbabel/__test__/base/optional.cpp:81] 
2023-12-12 20:12:01 [INFO] 【static】        @at[/Users/liuchengyuan/Documents/clangspace/cppbabel/__test__/base/static.cpp:42] 
2023-12-12 20:12:01 [INFO]  staticLocalVariable ==> 1        @at[/Users/liuchengyuan/Documents/clangspace/cppbabel/__test__/base/static.cpp:37] 
2023-12-12 20:12:01 [INFO]  staticLocalVariable ==> 2        @at[/Users/liuchengyuan/Documents/clangspace/cppbabel/__test__/base/static.cpp:37] 
2023-12-12 20:12:01 [INFO]  staticLocalVariable ==> 3        @at[/Users/liuchengyuan/Documents/clangspace/cppbabel/__test__/base/static.cpp:37] 
2023-12-12 20:12:01 [INFO] 【struct 占用内存大小】        @at[/Users/liuchengyuan/Documents/clangspace/cppbabel/__test__/base/struct.cpp:35] 
2023-12-12 20:12:01 [INFO] sizeof(s)40        @at[/Users/liuchengyuan/Documents/clangspace/cppbabel/__test__/base/struct.cpp:42] 
2023-12-12 20:12:01 [INFO] sizeof(MyStudent1)40        @at[/Users/liuchengyuan/Documents/clangspace/cppbabel/__test__/base/struct.cpp:43] 
2023-12-12 20:12:01 [INFO] sizeof(s.age)4        @at[/Users/liuchengyuan/Documents/clangspace/cppbabel/__test__/base/struct.cpp:44] 
2023-12-12 20:12:01 [INFO] sizeof(int)4        @at[/Users/liuchengyuan/Documents/clangspace/cppbabel/__test__/base/struct.cpp:45] 
2023-12-12 20:12:01 [INFO] sizeof(s.name)24        @at[/Users/liuchengyuan/Documents/clangspace/cppbabel/__test__/base/struct.cpp:46] 
2023-12-12 20:12:01 [INFO] sizeof(string)24        @at[/Users/liuchengyuan/Documents/clangspace/cppbabel/__test__/base/struct.cpp:47] 
2023-12-12 20:12:01 [INFO] sizeof(s.teachers)8        @at[/Users/liuchengyuan/Documents/clangspace/cppbabel/__test__/base/struct.cpp:48] 
2023-12-12 20:12:01 [INFO] sizeof(std::vector<std::string *>)24        @at[/Users/liuchengyuan/Documents/clangspace/cppbabel/__test__/base/struct.cpp:49] 
2023-12-12 20:12:01 [INFO] 【union】        @at[/Users/liuchengyuan/Documents/clangspace/cppbabel/__test__/base/union.cpp:31] 
2023-12-12 20:12:01 [INFO] sizeof(int) ==> 4        @at[/Users/liuchengyuan/Documents/clangspace/cppbabel/__test__/base/union.cpp:35] 
2023-12-12 20:12:01 [INFO] sizeof(testunion) ==> 12        @at[/Users/liuchengyuan/Documents/clangspace/cppbabel/__test__/base/union.cpp:38] 
2023-12-12 20:12:01 [INFO] a.k ==> 12        @at[/Users/liuchengyuan/Documents/clangspace/cppbabel/__test__/base/union.cpp:42] 
2023-12-12 20:12:01 [INFO] a.u.x ==> 12        @at[/Users/liuchengyuan/Documents/clangspace/cppbabel/__test__/base/union.cpp:44] 
2023-12-12 20:12:01 [INFO] a.u.y ==> 0        @at[/Users/liuchengyuan/Documents/clangspace/cppbabel/__test__/base/union.cpp:46] 
2023-12-12 20:12:01 [INFO] a.u.z ==> 1876945888        @at[/Users/liuchengyuan/Documents/clangspace/cppbabel/__test__/base/union.cpp:48] 
2023-12-12 20:12:01 [INFO] a.k ==> 13        @at[/Users/liuchengyuan/Documents/clangspace/cppbabel/__test__/base/union.cpp:54] 
2023-12-12 20:12:01 [INFO] a.u.x ==> 13        @at[/Users/liuchengyuan/Documents/clangspace/cppbabel/__test__/base/union.cpp:55] 
2023-12-12 20:12:01 [INFO] a.u.y ==> 14        @at[/Users/liuchengyuan/Documents/clangspace/cppbabel/__test__/base/union.cpp:56] 
2023-12-12 20:12:01 [INFO] a.u.z ==> 15        @at[/Users/liuchengyuan/Documents/clangspace/cppbabel/__test__/base/union.cpp:57] 
2023-12-12 20:12:01 [INFO] printVector age => 18 age => 20        @at[/Users/liuchengyuan/Documents/clangspace/cppbabel/__test__/base/vector.cpp:31] 
2023-12-12 20:12:07 [INFO] rttr => 2        @at[/Users/liuchengyuan/Documents/clangspace/cppbabel/__test__/babel-types/rttr.cpp:55] 
2023-12-12 20:12:11 [INFO] 【enum】        @at[/Users/liuchengyuan/Documents/clangspace/cppbabel/__test__/base/enum.cpp:38] 
2023-12-12 20:12:11 [INFO] toString(RED)RED        @at[/Users/liuchengyuan/Documents/clangspace/cppbabel/__test__/base/enum.cpp:40] 
2023-12-12 20:12:11 [INFO] toString(Color::GREEN)UNKNOW        @at[/Users/liuchengyuan/Documents/clangspace/cppbabel/__test__/base/enum.cpp:41] 
2023-12-12 20:12:11 [INFO] 【可变参数】         @at[/Users/liuchengyuan/Documents/clangspace/cppbabel/__test__/base/func.cpp:55] 
2023-12-12 20:12:11 [INFO]  sum(3, 1, 2, 3) => 6        @at[/Users/liuchengyuan/Documents/clangspace/cppbabel/__test__/base/func.cpp:57] 
2023-12-12 20:12:11 [INFO]  sum2({1, 2, 3}) => 6        @at[/Users/liuchengyuan/Documents/clangspace/cppbabel/__test__/base/func.cpp:58] 
2023-12-12 20:12:11 [INFO] 【对象作为参数】         @at[/Users/liuchengyuan/Documents/clangspace/cppbabel/__test__/base/func.cpp:72] 
2023-12-12 20:12:11 [INFO]  传参数之前的地址：  0x16fdfeb80        @at[/Users/liuchengyuan/Documents/clangspace/cppbabel/__test__/base/func.cpp:74] 
2023-12-12 20:12:11 [INFO]  age ==>  12        @at[/Users/liuchengyuan/Documents/clangspace/cppbabel/__test__/base/func.cpp:75] 
2023-12-12 20:12:11 [INFO]  传参数之后的地址：  0x16fdfeb10        @at[/Users/liuchengyuan/Documents/clangspace/cppbabel/__test__/base/func.cpp:64] 
2023-12-12 20:12:11 [INFO]  age ==>  12        @at[/Users/liuchengyuan/Documents/clangspace/cppbabel/__test__/base/func.cpp:77] 
2023-12-12 20:12:11 [INFO] 【对象作返回值】         @at[/Users/liuchengyuan/Documents/clangspace/cppbabel/__test__/base/func.cpp:91] 
2023-12-12 20:12:11 [INFO]  传参数之前的地址 ==>  0x16fdfeb80        @at[/Users/liuchengyuan/Documents/clangspace/cppbabel/__test__/base/func.cpp:93] 
2023-12-12 20:12:11 [INFO]  参数的地址 ==>  0x16fdfeb08        @at[/Users/liuchengyuan/Documents/clangspace/cppbabel/__test__/base/func.cpp:82] 
2023-12-12 20:12:11 [INFO]  返回值的地址 ==>  0x16fdfeb28        @at[/Users/liuchengyuan/Documents/clangspace/cppbabel/__test__/base/func.cpp:95] 
2023-12-12 20:12:11 [INFO] 【指针传参】         @at[/Users/liuchengyuan/Documents/clangspace/cppbabel/__test__/base/func.cpp:108] 
2023-12-12 20:12:11 [INFO]  传参数之前的地址 ==>  0x16fdfeb80        @at[/Users/liuchengyuan/Documents/clangspace/cppbabel/__test__/base/func.cpp:110] 
2023-12-12 20:12:11 [INFO]  s1.age 12        @at[/Users/liuchengyuan/Documents/clangspace/cppbabel/__test__/base/func.cpp:111] 
2023-12-12 20:12:11 [INFO]  传参数之后的地址：  0x16fdfeb80        @at[/Users/liuchengyuan/Documents/clangspace/cppbabel/__test__/base/func.cpp:103] 
2023-12-12 20:12:11 [INFO]  s1.age 13        @at[/Users/liuchengyuan/Documents/clangspace/cppbabel/__test__/base/func.cpp:113] 
2023-12-12 20:12:11 [INFO] 【参数是指针，返回指针】         @at[/Users/liuchengyuan/Documents/clangspace/cppbabel/__test__/base/func.cpp:129] 
2023-12-12 20:12:11 [INFO]  传参数之前的地址 ==>  0x16fdfeb80        @at[/Users/liuchengyuan/Documents/clangspace/cppbabel/__test__/base/func.cpp:132] 
2023-12-12 20:12:11 [INFO]  s1.age 12        @at[/Users/liuchengyuan/Documents/clangspace/cppbabel/__test__/base/func.cpp:133] 
2023-12-12 20:12:11 [INFO]  传参数之后的地址：  0x16fdfeb80        @at[/Users/liuchengyuan/Documents/clangspace/cppbabel/__test__/base/func.cpp:119] 
2023-12-12 20:12:11 [INFO]  s2->age 13        @at[/Users/liuchengyuan/Documents/clangspace/cppbabel/__test__/base/func.cpp:135] 
2023-12-12 20:12:11 [INFO]  返回的指针 0x16fdfeb80        @at[/Users/liuchengyuan/Documents/clangspace/cppbabel/__test__/base/func.cpp:136] 
2023-12-12 20:12:11 [INFO] 【参数是引用】         @at[/Users/liuchengyuan/Documents/clangspace/cppbabel/__test__/base/func.cpp:157] 
2023-12-12 20:12:11 [INFO]  传参数之前的地址 ==>  0x16fdfeb80        @at[/Users/liuchengyuan/Documents/clangspace/cppbabel/__test__/base/func.cpp:160] 
2023-12-12 20:12:11 [INFO]  s1.age 12        @at[/Users/liuchengyuan/Documents/clangspace/cppbabel/__test__/base/func.cpp:161] 
2023-12-12 20:12:11 [INFO]  传参数之后的地址：  0x16fdfeb80        @at[/Users/liuchengyuan/Documents/clangspace/cppbabel/__test__/base/func.cpp:152] 
2023-12-12 20:12:11 [INFO]  s1.age 13        @at[/Users/liuchengyuan/Documents/clangspace/cppbabel/__test__/base/func.cpp:163] 
2023-12-12 20:12:11 [INFO] 【返回是引用】         @at[/Users/liuchengyuan/Documents/clangspace/cppbabel/__test__/base/func.cpp:185] 
2023-12-12 20:12:11 [INFO]  传参数之前的地址 ==>  0x16fdfeb80        @at[/Users/liuchengyuan/Documents/clangspace/cppbabel/__test__/base/func.cpp:188] 
2023-12-12 20:12:11 [INFO]  s1.age 12        @at[/Users/liuchengyuan/Documents/clangspace/cppbabel/__test__/base/func.cpp:189] 
2023-12-12 20:12:11 [INFO]  传参数之后的地址：  0x16fdfeb80        @at[/Users/liuchengyuan/Documents/clangspace/cppbabel/__test__/base/func.cpp:178] 
2023-12-12 20:12:11 [INFO]  返回的地址 0x16fdfeb80        @at[/Users/liuchengyuan/Documents/clangspace/cppbabel/__test__/base/func.cpp:191] 
2023-12-12 20:12:11 [INFO] 【lambda】         @at[/Users/liuchengyuan/Documents/clangspace/cppbabel/__test__/base/func.cpp:196] 
2023-12-12 20:12:11 [INFO]  add(2) ==>3        @at[/Users/liuchengyuan/Documents/clangspace/cppbabel/__test__/base/func.cpp:204] 
2023-12-12 20:12:11 [INFO] 【base_optional】        @at[/Users/liuchengyuan/Documents/clangspace/cppbabel/__test__/base/optional.cpp:32] 
2023-12-12 20:12:11 [INFO] perhapsDouble.value() ==> 3.14        @at[/Users/liuchengyuan/Documents/clangspace/cppbabel/__test__/base/optional.cpp:40] 
2023-12-12 20:12:11 [INFO] *perhapsDouble ==> 3.14        @at[/Users/liuchengyuan/Documents/clangspace/cppbabel/__test__/base/optional.cpp:42] 
2023-12-12 20:12:11 [INFO] maybeInt.value_or(10) ==> 10        @at[/Users/liuchengyuan/Documents/clangspace/cppbabel/__test__/base/optional.cpp:46] 
2023-12-12 20:12:11 [INFO] maybeInt.value_or(10) ==> 5        @at[/Users/liuchengyuan/Documents/clangspace/cppbabel/__test__/base/optional.cpp:50] 
2023-12-12 20:12:11 [INFO] maybeRes == std::nullopt ==> 1        @at[/Users/liuchengyuan/Documents/clangspace/cppbabel/__test__/base/optional.cpp:57] 
2023-12-12 20:12:11 [INFO] has value, which is 128        @at[/Users/liuchengyuan/Documents/clangspace/cppbabel/__test__/base/optional.cpp:73] 
2023-12-12 20:12:11 [INFO] 使用 std::make_optional ==> 128        @at[/Users/liuchengyuan/Documents/clangspace/cppbabel/__test__/base/optional.cpp:81] 
2023-12-12 20:12:11 [INFO] 【static】        @at[/Users/liuchengyuan/Documents/clangspace/cppbabel/__test__/base/static.cpp:42] 
2023-12-12 20:12:11 [INFO]  staticLocalVariable ==> 1        @at[/Users/liuchengyuan/Documents/clangspace/cppbabel/__test__/base/static.cpp:37] 
2023-12-12 20:12:11 [INFO]  staticLocalVariable ==> 2        @at[/Users/liuchengyuan/Documents/clangspace/cppbabel/__test__/base/static.cpp:37] 
2023-12-12 20:12:11 [INFO]  staticLocalVariable ==> 3        @at[/Users/liuchengyuan/Documents/clangspace/cppbabel/__test__/base/static.cpp:37] 
2023-12-12 20:12:11 [INFO] 【struct 占用内存大小】        @at[/Users/liuchengyuan/Documents/clangspace/cppbabel/__test__/base/struct.cpp:35] 
2023-12-12 20:12:11 [INFO] sizeof(s)40        @at[/Users/liuchengyuan/Documents/clangspace/cppbabel/__test__/base/struct.cpp:42] 
2023-12-12 20:12:11 [INFO] sizeof(MyStudent1)40        @at[/Users/liuchengyuan/Documents/clangspace/cppbabel/__test__/base/struct.cpp:43] 
2023-12-12 20:12:11 [INFO] sizeof(s.age)4        @at[/Users/liuchengyuan/Documents/clangspace/cppbabel/__test__/base/struct.cpp:44] 
2023-12-12 20:12:11 [INFO] sizeof(int)4        @at[/Users/liuchengyuan/Documents/clangspace/cppbabel/__test__/base/struct.cpp:45] 
2023-12-12 20:12:11 [INFO] sizeof(s.name)24        @at[/Users/liuchengyuan/Documents/clangspace/cppbabel/__test__/base/struct.cpp:46] 
2023-12-12 20:12:11 [INFO] sizeof(string)24        @at[/Users/liuchengyuan/Documents/clangspace/cppbabel/__test__/base/struct.cpp:47] 
2023-12-12 20:12:11 [INFO] sizeof(s.teachers)8        @at[/Users/liuchengyuan/Documents/clangspace/cppbabel/__test__/base/struct.cpp:48] 
2023-12-12 20:12:11 [INFO] sizeof(std::vector<std::string *>)24        @at[/Users/liuchengyuan/Documents/clangspace/cppbabel/__test__/base/struct.cpp:49] 
2023-12-12 20:12:11 [INFO] 【union】        @at[/Users/liuchengyuan/Documents/clangspace/cppbabel/__test__/base/union.cpp:31] 
2023-12-12 20:12:11 [INFO] sizeof(int) ==> 4        @at[/Users/liuchengyuan/Documents/clangspace/cppbabel/__test__/base/union.cpp:35] 
2023-12-12 20:12:11 [INFO] sizeof(testunion) ==> 12        @at[/Users/liuchengyuan/Documents/clangspace/cppbabel/__test__/base/union.cpp:38] 
2023-12-12 20:12:11 [INFO] a.k ==> 12        @at[/Users/liuchengyuan/Documents/clangspace/cppbabel/__test__/base/union.cpp:42] 
2023-12-12 20:12:11 [INFO] a.u.x ==> 12        @at[/Users/liuchengyuan/Documents/clangspace/cppbabel/__test__/base/union.cpp:44] 
2023-12-12 20:12:11 [INFO] a.u.y ==> 0        @at[/Users/liuchengyuan/Documents/clangspace/cppbabel/__test__/base/union.cpp:46] 
2023-12-12 20:12:11 [INFO] a.u.z ==> 1876945888        @at[/Users/liuchengyuan/Documents/clangspace/cppbabel/__test__/base/union.cpp:48] 
2023-12-12 20:12:11 [INFO] a.k ==> 13        @at[/Users/liuchengyuan/Documents/clangspace/cppbabel/__test__/base/union.cpp:54] 
2023-12-12 20:12:11 [INFO] a.u.x ==> 13        @at[/Users/liuchengyuan/Documents/clangspace/cppbabel/__test__/base/union.cpp:55] 
2023-12-12 20:12:11 [INFO] a.u.y ==> 14        @at[/Users/liuchengyuan/Documents/clangspace/cppbabel/__test__/base/union.cpp:56] 
2023-12-12 20:12:11 [INFO] a.u.z ==> 15        @at[/Users/liuchengyuan/Documents/clangspace/cppbabel/__test__/base/union.cpp:57] 
2023-12-12 20:12:11 [INFO] printVector age => 18 age => 20        @at[/Users/liuchengyuan/Documents/clangspace/cppbabel/__test__/base/vector.cpp:31] 
2023-12-12 20:12:16 [INFO] rttr => 2        @at[/Users/liuchengyuan/Documents/clangspace/cppbabel/__test__/babel-types/rttr.cpp:55] 
2023-12-12 20:12:39 [INFO] 【enum】        @at[/Users/liuchengyuan/Documents/clangspace/cppbabel/__test__/base/enum.cpp:38] 
2023-12-12 20:12:39 [INFO] toString(RED)RED        @at[/Users/liuchengyuan/Documents/clangspace/cppbabel/__test__/base/enum.cpp:40] 
2023-12-12 20:12:39 [INFO] toString(Color::GREEN)UNKNOW        @at[/Users/liuchengyuan/Documents/clangspace/cppbabel/__test__/base/enum.cpp:41] 
2023-12-12 20:12:39 [INFO] 【可变参数】         @at[/Users/liuchengyuan/Documents/clangspace/cppbabel/__test__/base/func.cpp:55] 
2023-12-12 20:12:39 [INFO]  sum(3, 1, 2, 3) => 6        @at[/Users/liuchengyuan/Documents/clangspace/cppbabel/__test__/base/func.cpp:57] 
2023-12-12 20:12:39 [INFO]  sum2({1, 2, 3}) => 6        @at[/Users/liuchengyuan/Documents/clangspace/cppbabel/__test__/base/func.cpp:58] 
2023-12-12 20:12:39 [INFO] 【对象作为参数】         @at[/Users/liuchengyuan/Documents/clangspace/cppbabel/__test__/base/func.cpp:72] 
2023-12-12 20:12:39 [INFO]  传参数之前的地址：  0x16fdfeb80        @at[/Users/liuchengyuan/Documents/clangspace/cppbabel/__test__/base/func.cpp:74] 
2023-12-12 20:12:39 [INFO]  age ==>  12        @at[/Users/liuchengyuan/Documents/clangspace/cppbabel/__test__/base/func.cpp:75] 
2023-12-12 20:12:39 [INFO]  传参数之后的地址：  0x16fdfeb10        @at[/Users/liuchengyuan/Documents/clangspace/cppbabel/__test__/base/func.cpp:64] 
2023-12-12 20:12:39 [INFO]  age ==>  12        @at[/Users/liuchengyuan/Documents/clangspace/cppbabel/__test__/base/func.cpp:77] 
2023-12-12 20:12:39 [INFO] 【对象作返回值】         @at[/Users/liuchengyuan/Documents/clangspace/cppbabel/__test__/base/func.cpp:91] 
2023-12-12 20:12:39 [INFO]  传参数之前的地址 ==>  0x16fdfeb80        @at[/Users/liuchengyuan/Documents/clangspace/cppbabel/__test__/base/func.cpp:93] 
2023-12-12 20:12:39 [INFO]  参数的地址 ==>  0x16fdfeb08        @at[/Users/liuchengyuan/Documents/clangspace/cppbabel/__test__/base/func.cpp:82] 
2023-12-12 20:12:39 [INFO]  返回值的地址 ==>  0x16fdfeb28        @at[/Users/liuchengyuan/Documents/clangspace/cppbabel/__test__/base/func.cpp:95] 
2023-12-12 20:12:39 [INFO] 【指针传参】         @at[/Users/liuchengyuan/Documents/clangspace/cppbabel/__test__/base/func.cpp:108] 
2023-12-12 20:12:39 [INFO]  传参数之前的地址 ==>  0x16fdfeb80        @at[/Users/liuchengyuan/Documents/clangspace/cppbabel/__test__/base/func.cpp:110] 
2023-12-12 20:12:39 [INFO]  s1.age 12        @at[/Users/liuchengyuan/Documents/clangspace/cppbabel/__test__/base/func.cpp:111] 
2023-12-12 20:12:39 [INFO]  传参数之后的地址：  0x16fdfeb80        @at[/Users/liuchengyuan/Documents/clangspace/cppbabel/__test__/base/func.cpp:103] 
2023-12-12 20:12:39 [INFO]  s1.age 13        @at[/Users/liuchengyuan/Documents/clangspace/cppbabel/__test__/base/func.cpp:113] 
2023-12-12 20:12:39 [INFO] 【参数是指针，返回指针】         @at[/Users/liuchengyuan/Documents/clangspace/cppbabel/__test__/base/func.cpp:129] 
2023-12-12 20:12:39 [INFO]  传参数之前的地址 ==>  0x16fdfeb80        @at[/Users/liuchengyuan/Documents/clangspace/cppbabel/__test__/base/func.cpp:132] 
2023-12-12 20:12:39 [INFO]  s1.age 12        @at[/Users/liuchengyuan/Documents/clangspace/cppbabel/__test__/base/func.cpp:133] 
2023-12-12 20:12:39 [INFO]  传参数之后的地址：  0x16fdfeb80        @at[/Users/liuchengyuan/Documents/clangspace/cppbabel/__test__/base/func.cpp:119] 
2023-12-12 20:12:39 [INFO]  s2->age 13        @at[/Users/liuchengyuan/Documents/clangspace/cppbabel/__test__/base/func.cpp:135] 
2023-12-12 20:12:39 [INFO]  返回的指针 0x16fdfeb80        @at[/Users/liuchengyuan/Documents/clangspace/cppbabel/__test__/base/func.cpp:136] 
2023-12-12 20:12:39 [INFO] 【参数是引用】         @at[/Users/liuchengyuan/Documents/clangspace/cppbabel/__test__/base/func.cpp:157] 
2023-12-12 20:12:39 [INFO]  传参数之前的地址 ==>  0x16fdfeb80        @at[/Users/liuchengyuan/Documents/clangspace/cppbabel/__test__/base/func.cpp:160] 
2023-12-12 20:12:39 [INFO]  s1.age 12        @at[/Users/liuchengyuan/Documents/clangspace/cppbabel/__test__/base/func.cpp:161] 
2023-12-12 20:12:39 [INFO]  传参数之后的地址：  0x16fdfeb80        @at[/Users/liuchengyuan/Documents/clangspace/cppbabel/__test__/base/func.cpp:152] 
2023-12-12 20:12:39 [INFO]  s1.age 13        @at[/Users/liuchengyuan/Documents/clangspace/cppbabel/__test__/base/func.cpp:163] 
2023-12-12 20:12:39 [INFO] 【返回是引用】         @at[/Users/liuchengyuan/Documents/clangspace/cppbabel/__test__/base/func.cpp:185] 
2023-12-12 20:12:39 [INFO]  传参数之前的地址 ==>  0x16fdfeb80        @at[/Users/liuchengyuan/Documents/clangspace/cppbabel/__test__/base/func.cpp:188] 
2023-12-12 20:12:39 [INFO]  s1.age 12        @at[/Users/liuchengyuan/Documents/clangspace/cppbabel/__test__/base/func.cpp:189] 
2023-12-12 20:12:39 [INFO]  传参数之后的地址：  0x16fdfeb80        @at[/Users/liuchengyuan/Documents/clangspace/cppbabel/__test__/base/func.cpp:178] 
2023-12-12 20:12:39 [INFO]  返回的地址 0x16fdfeb80        @at[/Users/liuchengyuan/Documents/clangspace/cppbabel/__test__/base/func.cpp:191] 
2023-12-12 20:12:39 [INFO] 【lambda】         @at[/Users/liuchengyuan/Documents/clangspace/cppbabel/__test__/base/func.cpp:196] 
2023-12-12 20:12:39 [INFO]  add(2) ==>3        @at[/Users/liuchengyuan/Documents/clangspace/cppbabel/__test__/base/func.cpp:204] 
2023-12-12 20:12:39 [INFO] 【base_optional】        @at[/Users/liuchengyuan/Documents/clangspace/cppbabel/__test__/base/optional.cpp:32] 
2023-12-12 20:12:39 [INFO] perhapsDouble.value() ==> 3.14        @at[/Users/liuchengyuan/Documents/clangspace/cppbabel/__test__/base/optional.cpp:40] 
2023-12-12 20:12:39 [INFO] *perhapsDouble ==> 3.14        @at[/Users/liuchengyuan/Documents/clangspace/cppbabel/__test__/base/optional.cpp:42] 
2023-12-12 20:12:39 [INFO] maybeInt.value_or(10) ==> 10        @at[/Users/liuchengyuan/Documents/clangspace/cppbabel/__test__/base/optional.cpp:46] 
2023-12-12 20:12:39 [INFO] maybeInt.value_or(10) ==> 5        @at[/Users/liuchengyuan/Documents/clangspace/cppbabel/__test__/base/optional.cpp:50] 
2023-12-12 20:12:39 [INFO] maybeRes == std::nullopt ==> 1        @at[/Users/liuchengyuan/Documents/clangspace/cppbabel/__test__/base/optional.cpp:57] 
2023-12-12 20:12:39 [INFO] has value, which is 128        @at[/Users/liuchengyuan/Documents/clangspace/cppbabel/__test__/base/optional.cpp:73] 
2023-12-12 20:12:39 [INFO] 使用 std::make_optional ==> 128        @at[/Users/liuchengyuan/Documents/clangspace/cppbabel/__test__/base/optional.cpp:81] 
2023-12-12 20:12:39 [INFO] 【static】        @at[/Users/liuchengyuan/Documents/clangspace/cppbabel/__test__/base/static.cpp:42] 
2023-12-12 20:12:39 [INFO]  staticLocalVariable ==> 1        @at[/Users/liuchengyuan/Documents/clangspace/cppbabel/__test__/base/static.cpp:37] 
2023-12-12 20:12:39 [INFO]  staticLocalVariable ==> 2        @at[/Users/liuchengyuan/Documents/clangspace/cppbabel/__test__/base/static.cpp:37] 
2023-12-12 20:12:39 [INFO]  staticLocalVariable ==> 3        @at[/Users/liuchengyuan/Documents/clangspace/cppbabel/__test__/base/static.cpp:37] 
2023-12-12 20:12:39 [INFO] 【struct 占用内存大小】        @at[/Users/liuchengyuan/Documents/clangspace/cppbabel/__test__/base/struct.cpp:35] 
2023-12-12 20:12:39 [INFO] sizeof(s)40        @at[/Users/liuchengyuan/Documents/clangspace/cppbabel/__test__/base/struct.cpp:42] 
2023-12-12 20:12:39 [INFO] sizeof(MyStudent1)40        @at[/Users/liuchengyuan/Documents/clangspace/cppbabel/__test__/base/struct.cpp:43] 
2023-12-12 20:12:39 [INFO] sizeof(s.age)4        @at[/Users/liuchengyuan/Documents/clangspace/cppbabel/__test__/base/struct.cpp:44] 
2023-12-12 20:12:39 [INFO] sizeof(int)4        @at[/Users/liuchengyuan/Documents/clangspace/cppbabel/__test__/base/struct.cpp:45] 
2023-12-12 20:12:39 [INFO] sizeof(s.name)24        @at[/Users/liuchengyuan/Documents/clangspace/cppbabel/__test__/base/struct.cpp:46] 
2023-12-12 20:12:39 [INFO] sizeof(string)24        @at[/Users/liuchengyuan/Documents/clangspace/cppbabel/__test__/base/struct.cpp:47] 
2023-12-12 20:12:39 [INFO] sizeof(s.teachers)8        @at[/Users/liuchengyuan/Documents/clangspace/cppbabel/__test__/base/struct.cpp:48] 
2023-12-12 20:12:39 [INFO] sizeof(std::vector<std::string *>)24        @at[/Users/liuchengyuan/Documents/clangspace/cppbabel/__test__/base/struct.cpp:49] 
2023-12-12 20:12:39 [INFO] 【union】        @at[/Users/liuchengyuan/Documents/clangspace/cppbabel/__test__/base/union.cpp:31] 
2023-12-12 20:12:39 [INFO] sizeof(int) ==> 4        @at[/Users/liuchengyuan/Documents/clangspace/cppbabel/__test__/base/union.cpp:35] 
2023-12-12 20:12:39 [INFO] sizeof(testunion) ==> 12        @at[/Users/liuchengyuan/Documents/clangspace/cppbabel/__test__/base/union.cpp:38] 
2023-12-12 20:12:39 [INFO] a.k ==> 12        @at[/Users/liuchengyuan/Documents/clangspace/cppbabel/__test__/base/union.cpp:42] 
2023-12-12 20:12:39 [INFO] a.u.x ==> 12        @at[/Users/liuchengyuan/Documents/clangspace/cppbabel/__test__/base/union.cpp:44] 
2023-12-12 20:12:39 [INFO] a.u.y ==> 0        @at[/Users/liuchengyuan/Documents/clangspace/cppbabel/__test__/base/union.cpp:46] 
2023-12-12 20:12:39 [INFO] a.u.z ==> 1876945888        @at[/Users/liuchengyuan/Documents/clangspace/cppbabel/__test__/base/union.cpp:48] 
2023-12-12 20:12:39 [INFO] a.k ==> 13        @at[/Users/liuchengyuan/Documents/clangspace/cppbabel/__test__/base/union.cpp:54] 
2023-12-12 20:12:39 [INFO] a.u.x ==> 13        @at[/Users/liuchengyuan/Documents/clangspace/cppbabel/__test__/base/union.cpp:55] 
2023-12-12 20:12:39 [INFO] a.u.y ==> 14        @at[/Users/liuchengyuan/Documents/clangspace/cppbabel/__test__/base/union.cpp:56] 
2023-12-12 20:12:39 [INFO] a.u.z ==> 15        @at[/Users/liuchengyuan/Documents/clangspace/cppbabel/__test__/base/union.cpp:57] 
2023-12-12 20:12:39 [INFO] printVector age => 18 age => 20        @at[/Users/liuchengyuan/Documents/clangspace/cppbabel/__test__/base/vector.cpp:31] 
2023-12-14 19:42:59 [INFO] rttr => 2        @at[/Users/liuchengyuan/Documents/clangspace/cppbabel/__test__/babel-types/rttr.cpp:55] 
2023-12-14 19:43:05 [INFO] 【enum】        @at[/Users/liuchengyuan/Documents/clangspace/cppbabel/__test__/base/enum.cpp:38] 
2023-12-14 19:43:05 [INFO] toString(RED)RED        @at[/Users/liuchengyuan/Documents/clangspace/cppbabel/__test__/base/enum.cpp:40] 
2023-12-14 19:43:05 [INFO] toString(Color::GREEN)UNKNOW        @at[/Users/liuchengyuan/Documents/clangspace/cppbabel/__test__/base/enum.cpp:41] 
2023-12-14 19:43:05 [INFO] 【可变参数】         @at[/Users/liuchengyuan/Documents/clangspace/cppbabel/__test__/base/func.cpp:55] 
2023-12-14 19:43:05 [INFO]  sum(3, 1, 2, 3) => 6        @at[/Users/liuchengyuan/Documents/clangspace/cppbabel/__test__/base/func.cpp:57] 
2023-12-14 19:43:05 [INFO]  sum2({1, 2, 3}) => 6        @at[/Users/liuchengyuan/Documents/clangspace/cppbabel/__test__/base/func.cpp:58] 
2023-12-14 19:43:05 [INFO] 【对象作为参数】         @at[/Users/liuchengyuan/Documents/clangspace/cppbabel/__test__/base/func.cpp:72] 
2023-12-14 19:43:05 [INFO]  传参数之前的地址：  0x16fdfeb80        @at[/Users/liuchengyuan/Documents/clangspace/cppbabel/__test__/base/func.cpp:74] 
2023-12-14 19:43:05 [INFO]  age ==>  12        @at[/Users/liuchengyuan/Documents/clangspace/cppbabel/__test__/base/func.cpp:75] 
2023-12-14 19:43:05 [INFO]  传参数之后的地址：  0x16fdfeb10        @at[/Users/liuchengyuan/Documents/clangspace/cppbabel/__test__/base/func.cpp:64] 
2023-12-14 19:43:05 [INFO]  age ==>  12        @at[/Users/liuchengyuan/Documents/clangspace/cppbabel/__test__/base/func.cpp:77] 
2023-12-14 19:43:05 [INFO] 【对象作返回值】         @at[/Users/liuchengyuan/Documents/clangspace/cppbabel/__test__/base/func.cpp:91] 
2023-12-14 19:43:05 [INFO]  传参数之前的地址 ==>  0x16fdfeb80        @at[/Users/liuchengyuan/Documents/clangspace/cppbabel/__test__/base/func.cpp:93] 
2023-12-14 19:43:05 [INFO]  参数的地址 ==>  0x16fdfeb08        @at[/Users/liuchengyuan/Documents/clangspace/cppbabel/__test__/base/func.cpp:82] 
2023-12-14 19:43:05 [INFO]  返回值的地址 ==>  0x16fdfeb28        @at[/Users/liuchengyuan/Documents/clangspace/cppbabel/__test__/base/func.cpp:95] 
2023-12-14 19:43:05 [INFO] 【指针传参】         @at[/Users/liuchengyuan/Documents/clangspace/cppbabel/__test__/base/func.cpp:108] 
2023-12-14 19:43:05 [INFO]  传参数之前的地址 ==>  0x16fdfeb80        @at[/Users/liuchengyuan/Documents/clangspace/cppbabel/__test__/base/func.cpp:110] 
2023-12-14 19:43:05 [INFO]  s1.age 12        @at[/Users/liuchengyuan/Documents/clangspace/cppbabel/__test__/base/func.cpp:111] 
2023-12-14 19:43:05 [INFO]  传参数之后的地址：  0x16fdfeb80        @at[/Users/liuchengyuan/Documents/clangspace/cppbabel/__test__/base/func.cpp:103] 
2023-12-14 19:43:05 [INFO]  s1.age 13        @at[/Users/liuchengyuan/Documents/clangspace/cppbabel/__test__/base/func.cpp:113] 
2023-12-14 19:43:05 [INFO] 【参数是指针，返回指针】         @at[/Users/liuchengyuan/Documents/clangspace/cppbabel/__test__/base/func.cpp:129] 
2023-12-14 19:43:05 [INFO]  传参数之前的地址 ==>  0x16fdfeb80        @at[/Users/liuchengyuan/Documents/clangspace/cppbabel/__test__/base/func.cpp:132] 
2023-12-14 19:43:05 [INFO]  s1.age 12        @at[/Users/liuchengyuan/Documents/clangspace/cppbabel/__test__/base/func.cpp:133] 
2023-12-14 19:43:05 [INFO]  传参数之后的地址：  0x16fdfeb80        @at[/Users/liuchengyuan/Documents/clangspace/cppbabel/__test__/base/func.cpp:119] 
2023-12-14 19:43:05 [INFO]  s2->age 13        @at[/Users/liuchengyuan/Documents/clangspace/cppbabel/__test__/base/func.cpp:135] 
2023-12-14 19:43:05 [INFO]  返回的指针 0x16fdfeb80        @at[/Users/liuchengyuan/Documents/clangspace/cppbabel/__test__/base/func.cpp:136] 
2023-12-14 19:43:05 [INFO] 【参数是引用】         @at[/Users/liuchengyuan/Documents/clangspace/cppbabel/__test__/base/func.cpp:157] 
2023-12-14 19:43:05 [INFO]  传参数之前的地址 ==>  0x16fdfeb80        @at[/Users/liuchengyuan/Documents/clangspace/cppbabel/__test__/base/func.cpp:160] 
2023-12-14 19:43:05 [INFO]  s1.age 12        @at[/Users/liuchengyuan/Documents/clangspace/cppbabel/__test__/base/func.cpp:161] 
2023-12-14 19:43:05 [INFO]  传参数之后的地址：  0x16fdfeb80        @at[/Users/liuchengyuan/Documents/clangspace/cppbabel/__test__/base/func.cpp:152] 
2023-12-14 19:43:05 [INFO]  s1.age 13        @at[/Users/liuchengyuan/Documents/clangspace/cppbabel/__test__/base/func.cpp:163] 
2023-12-14 19:43:05 [INFO] 【返回是引用】         @at[/Users/liuchengyuan/Documents/clangspace/cppbabel/__test__/base/func.cpp:185] 
2023-12-14 19:43:05 [INFO]  传参数之前的地址 ==>  0x16fdfeb80        @at[/Users/liuchengyuan/Documents/clangspace/cppbabel/__test__/base/func.cpp:188] 
2023-12-14 19:43:05 [INFO]  s1.age 12        @at[/Users/liuchengyuan/Documents/clangspace/cppbabel/__test__/base/func.cpp:189] 
2023-12-14 19:43:05 [INFO]  传参数之后的地址：  0x16fdfeb80        @at[/Users/liuchengyuan/Documents/clangspace/cppbabel/__test__/base/func.cpp:178] 
2023-12-14 19:43:05 [INFO]  返回的地址 0x16fdfeb80        @at[/Users/liuchengyuan/Documents/clangspace/cppbabel/__test__/base/func.cpp:191] 
2023-12-14 19:43:05 [INFO] 【lambda】         @at[/Users/liuchengyuan/Documents/clangspace/cppbabel/__test__/base/func.cpp:196] 
2023-12-14 19:43:05 [INFO]  add(2) ==>3        @at[/Users/liuchengyuan/Documents/clangspace/cppbabel/__test__/base/func.cpp:204] 
2023-12-14 19:43:05 [INFO] 【base_optional】        @at[/Users/liuchengyuan/Documents/clangspace/cppbabel/__test__/base/optional.cpp:32] 
2023-12-14 19:43:05 [INFO] perhapsDouble.value() ==> 3.14        @at[/Users/liuchengyuan/Documents/clangspace/cppbabel/__test__/base/optional.cpp:40] 
2023-12-14 19:43:05 [INFO] *perhapsDouble ==> 3.14        @at[/Users/liuchengyuan/Documents/clangspace/cppbabel/__test__/base/optional.cpp:42] 
2023-12-14 19:43:05 [INFO] maybeInt.value_or(10) ==> 10        @at[/Users/liuchengyuan/Documents/clangspace/cppbabel/__test__/base/optional.cpp:46] 
2023-12-14 19:43:05 [INFO] maybeInt.value_or(10) ==> 5        @at[/Users/liuchengyuan/Documents/clangspace/cppbabel/__test__/base/optional.cpp:50] 
2023-12-14 19:43:05 [INFO] maybeRes == std::nullopt ==> 1        @at[/Users/liuchengyuan/Documents/clangspace/cppbabel/__test__/base/optional.cpp:57] 
2023-12-14 19:43:05 [INFO] has value, which is 128        @at[/Users/liuchengyuan/Documents/clangspace/cppbabel/__test__/base/optional.cpp:73] 
2023-12-14 19:43:05 [INFO] 使用 std::make_optional ==> 128        @at[/Users/liuchengyuan/Documents/clangspace/cppbabel/__test__/base/optional.cpp:81] 
2023-12-14 19:43:05 [INFO] 【static】        @at[/Users/liuchengyuan/Documents/clangspace/cppbabel/__test__/base/static.cpp:42] 
2023-12-14 19:43:05 [INFO]  staticLocalVariable ==> 1        @at[/Users/liuchengyuan/Documents/clangspace/cppbabel/__test__/base/static.cpp:37] 
2023-12-14 19:43:05 [INFO]  staticLocalVariable ==> 2        @at[/Users/liuchengyuan/Documents/clangspace/cppbabel/__test__/base/static.cpp:37] 
2023-12-14 19:43:05 [INFO]  staticLocalVariable ==> 3        @at[/Users/liuchengyuan/Documents/clangspace/cppbabel/__test__/base/static.cpp:37] 
